<?xml version="1.0" encoding="UTF-8"?>
<!-- Generated by org.testng.reporters.JUnitReportReporter -->
<testsuite hostname="jannatul-PC" name="org.maven_2.Base_1" tests="1" failures="0" timestamp="11 Jan 2013 02:40:15 GMT" time="38.390" errors="0">
  <testcase name="f" time="38.390" classname="org.maven_2.Base_1"/>
</testsuite> <!-- org.maven_2.Base_1 -->
